I can log anything
WebShop2, CustomerID4, CustomerName4, CustomerAddress4
Customer already exists: Customer ID: CustomerID4, Name: CustomerName4, Address: CustomerAddress4

WebShop2, CustomerID4, CustomerName4, CustomerAddress4
Customer already exists: Customer ID: CustomerID4, Name: CustomerName4, Address: CustomerAddress4

WebShop1, CustomerID4, CustomerName4, CustomerAddress4
Customer already exists: Customer ID: CustomerID4, Name: CustomerName4, Address: CustomerAddress4


Data entry size is not 4. Read size: 1

sdafsddfgashjzbdnmzxbcnzx .z,sdmc, zxc nm gfhjg jkaj l;a
Data entry size is not 4. Read size: 2

dal;fjsdklfjklsd, , , ,fjksdjgfhjsg  ]sdffklsfl, ,,sdk
Data entry size is not 4. Read size: 5


Data entry size is not 4. Read size: 1


Data entry size is not 4. Read size: 1


Data entry size is not 4. Read size: 1


Data entry size is not 4. Read size: 1


Data entry size is not 4. Read size: 1


Data entry size is not 4. Read size: 1

fsklfhsjkhfkj sif
Data entry size is not 4. Read size: 1

'4
Data entry size is not 4. Read size: 1

iopuw89ry wrh nfkm,nfnmsbnf
Data entry size is not 4. Read size: 1

fsl;jfjksbhjk
Data entry size is not 4. Read size: 1


Data entry size is not 4. Read size: 1

ksdh khsfjkh fui
Data entry size is not 4. Read size: 1

sdfkl if
Data entry size is not 4. Read size: 1


Data entry size is not 4. Read size: 1

fdfisfhuiegruigryug dsbmnsdf
Data entry size is not 4. Read size: 1

smfjksbdjkbs
Data entry size is not 4. Read size: 1


Data entry size is not 4. Read size: 1

fkfjgigyugrugwermnmsdbfnmsbdfnmfbnmbfdnmsbnmsd
Data entry size is not 4. Read size: 1


Data entry size is not 4. Read size: 1

I can log anything
WebShop2, CustomerID4, CustomerName4, CustomerAddress4
Customer already exists: Customer ID: CustomerID4, WebShop ID: WebShop2, Name: CustomerName4, Address: CustomerAddress4

WebShop2, CustomerID4, CustomerName4, CustomerAddress4
Customer already exists: Customer ID: CustomerID4, WebShop ID: WebShop2, Name: CustomerName4, Address: CustomerAddress4

WebShop1, CustomerID4, CustomerName4, CustomerAddress4
Customer already exists: Customer ID: CustomerID4, WebShop ID: WebShop1, Name: CustomerName4, Address: CustomerAddress4


Data entry size is not 4. Read size: 1

sdafsddfgashjzbdnmzxbcnzx .z,sdmc, zxc nm gfhjg jkaj l;a
Data entry size is not 4. Read size: 2

dal;fjsdklfjklsd, , , ,fjksdjgfhjsg  ]sdffklsfl, ,,sdk
Data entry size is not 4. Read size: 5


Data entry size is not 4. Read size: 1


Data entry size is not 4. Read size: 1


Data entry size is not 4. Read size: 1


Data entry size is not 4. Read size: 1


Data entry size is not 4. Read size: 1


Data entry size is not 4. Read size: 1

fsklfhsjkhfkj sif
Data entry size is not 4. Read size: 1

'4
Data entry size is not 4. Read size: 1

iopuw89ry wrh nfkm,nfnmsbnf
Data entry size is not 4. Read size: 1

fsl;jfjksbhjk
Data entry size is not 4. Read size: 1


Data entry size is not 4. Read size: 1

ksdh khsfjkh fui
Data entry size is not 4. Read size: 1

sdfkl if
Data entry size is not 4. Read size: 1


Data entry size is not 4. Read size: 1

fdfisfhuiegruigryug dsbmnsdf
Data entry size is not 4. Read size: 1

smfjksbdjkbs
Data entry size is not 4. Read size: 1


Data entry size is not 4. Read size: 1

fkfjgigyugrugwermnmsdbfnmsbdfnmfbnmbfdnmsbnmsd
Data entry size is not 4. Read size: 1


Data entry size is not 4. Read size: 1

